PTFramework/build/outputs/logs/manifest-merger-debug-report.txt
-- Merging decision tree log ---
manifest
ADDED from src/main/AndroidManifest.xml:1:1-12:12
INJECTED from src/main/AndroidManifest.xml:1:1-12:12
INJECTED from src/main/AndroidManifest.xml:1:1-12:12
INJECTED from src/main/AndroidManifest.xml:1:1-12:12
INJECTED from src/main/AndroidManifest.xml:1:1-12:12
INJECTED from src/main/AndroidManifest.xml:1:1-12:12
INJECTED from src/main/AndroidManifest.xml:1:1-12:12
	package
		ADDED from src/main/AndroidManifest.xml:2:5-36
		INJECTED from src/main/AndroidManifest.xml
		INJECTED from src/main/AndroidManifest.xml
	android:versionName
		ADDED from src/main/AndroidManifest.xml:4:5-30
		INJECTED from src/main/AndroidManifest.xml
		INJECTED from src/main/AndroidManifest.xml
	xmlns:android
		ADDED from src/main/AndroidManifest.xml:1:11-69
	android:versionCode
		ADDED from src/main/AndroidManifest.xml:3:5-28
		INJECTED from src/main/AndroidManifest.xml
		INJECTED from src/main/AndroidManifest.xml
uses-sdk
ADDED from src/main/AndroidManifest.xml:6:6-8:41
INJECTED from src/main/AndroidManifest.xml:6:6-8:41
INJECTED from src/main/AndroidManifest.xml:6:6-8:41
INJECTED from src/main/AndroidManifest.xml:6:6-8:41
INJECTED from src/main/AndroidManifest.xml:6:6-8:41
	android:targetSdkVersion
		ADDED from src/main/AndroidManifest.xml:8:9-38
		INJECTED from src/main/AndroidManifest.xml
		INJECTED from src/main/AndroidManifest.xml
	android:minSdkVersion
		ADDED from src/main/AndroidManifest.xml:7:9-35
		INJECTED from src/main/AndroidManifest.xml
		INJECTED from src/main/AndroidManifest.xml
uses-permission#android.permission.ACCESS_WIFI_STATE
ADDED from src/main/AndroidManifest.xml:9:6-77
	android:name
		ADDED from src/main/AndroidManifest.xml:9:23-74
uses-permission#android.permission.CALL_PHONE
ADDED from src/main/AndroidManifest.xml:10:6-70
	android:name
		ADDED from src/main/AndroidManifest.xml:10:23-67